{
  "stats": {
    "suites": 1,
    "tests": 4,
    "passes": 4,
    "pending": 0,
    "failures": 0,
    "start": "2020-06-22T19:06:22.520Z",
    "end": "2020-06-22T19:06:30.098Z",
    "duration": 7578,
    "testsRegistered": 4,
    "passPercent": 100,
    "pendingPercent": 0,
    "other": 0,
    "hasOther": false,
    "skipped": 0,
    "hasSkipped": false
  },
  "results": [
    {
      "uuid": "330a862a-61e6-4829-8a40-c7ecf784d560",
      "title": "",
      "fullFile": "cypress\\integration\\users.spec.js",
      "file": "cypress\\integration\\users.spec.js",
      "beforeHooks": [],
      "afterHooks": [],
      "tests": [],
      "suites": [
        {
          "uuid": "673b1a25-5d9e-4abe-860d-3a935bc0015b",
          "title": "Users Page",
          "fullFile": "",
          "file": "",
          "beforeHooks": [],
          "afterHooks": [],
          "tests": [
            {
              "title": "should load user table",
              "fullTitle": "Users Page should load user table",
              "timedOut": null,
              "duration": 5478,
              "state": "passed",
              "speed": "slow",
              "pass": true,
              "fail": false,
              "pending": false,
              "context": null,
              "code": "cy.visit('/');\ncy.get('[routerlink=\"users\"]').click();\ncy.get('.mat-table');",
              "err": {},
              "uuid": "9d4f2eca-bdfe-4805-bbf1-a5c746e89177",
              "parentUUID": "673b1a25-5d9e-4abe-860d-3a935bc0015b",
              "isHook": false,
              "skipped": false
            },
            {
              "title": "should display right column names",
              "fullTitle": "Users Page should display right column names",
              "timedOut": null,
              "duration": 214,
              "state": "passed",
              "speed": "slow",
              "pass": true,
              "fail": false,
              "pending": false,
              "context": null,
              "code": "cy.contains('Id');\ncy.contains('Name');\ncy.contains('Username');\ncy.contains('Email');\ncy.contains('Role');",
              "err": {},
              "uuid": "a98b9b3d-b127-4f0c-9473-23ba3e388425",
              "parentUUID": "673b1a25-5d9e-4abe-860d-3a935bc0015b",
              "isHook": false,
              "skipped": false
            },
            {
              "title": "should navigate to next page",
              "fullTitle": "Users Page should navigate to next page",
              "timedOut": null,
              "duration": 402,
              "state": "passed",
              "speed": "slow",
              "pass": true,
              "fail": false,
              "pending": false,
              "context": null,
              "code": "cy.get('[aria-label=\"Next page\"]').click();",
              "err": {},
              "uuid": "a2a90c73-dfa7-43de-8e4a-d01ee816ba1c",
              "parentUUID": "673b1a25-5d9e-4abe-860d-3a935bc0015b",
              "isHook": false,
              "skipped": false
            },
            {
              "title": "should filter users by Username",
              "fullTitle": "Users Page should filter users by Username",
              "timedOut": null,
              "duration": 1196,
              "state": "passed",
              "speed": "slow",
              "pass": true,
              "fail": false,
              "pending": false,
              "context": null,
              "code": "cy.get('[placeholder=\"Search Username\"]').type('Thomas');\ncy.get('mat-table').find('mat-row').should('have.length', 4);",
              "err": {},
              "uuid": "81fc1e5e-acaa-4661-b601-d6e786264de0",
              "parentUUID": "673b1a25-5d9e-4abe-860d-3a935bc0015b",
              "isHook": false,
              "skipped": false
            }
          ],
          "suites": [],
          "passes": [
            "9d4f2eca-bdfe-4805-bbf1-a5c746e89177",
            "a98b9b3d-b127-4f0c-9473-23ba3e388425",
            "a2a90c73-dfa7-43de-8e4a-d01ee816ba1c",
            "81fc1e5e-acaa-4661-b601-d6e786264de0"
          ],
          "failures": [],
          "pending": [],
          "skipped": [],
          "duration": 7290,
          "root": false,
          "rootEmpty": false,
          "_timeout": 2000
        }
      ],
      "passes": [],
      "failures": [],
      "pending": [],
      "skipped": [],
      "duration": 0,
      "root": true,
      "rootEmpty": true,
      "_timeout": 2000
    }
  ],
  "meta": {
    "mocha": {
      "version": "7.0.1"
    },
    "mochawesome": {
      "options": {
        "quiet": false,
        "reportFilename": "mochawesome",
        "saveHtml": false,
        "saveJson": true,
        "consoleReporter": "spec",
        "useInlineDiffs": false,
        "code": true
      },
      "version": "6.1.1"
    },
    "marge": {
      "options": {
        "overwrite": false,
        "html": false,
        "json": true
      },
      "version": "5.1.0"
    }
  }
}