{
  "stats": {
    "suites": 1,
    "tests": 2,
    "passes": 2,
    "pending": 0,
    "failures": 0,
    "start": "2020-06-22T19:05:59.143Z",
    "end": "2020-06-22T19:06:04.481Z",
    "duration": 5338,
    "testsRegistered": 2,
    "passPercent": 100,
    "pendingPercent": 0,
    "other": 0,
    "hasOther": false,
    "skipped": 0,
    "hasSkipped": false
  },
  "results": [
    {
      "uuid": "054a79ff-6ade-4e36-9d99-225aa431b003",
      "title": "",
      "fullFile": "cypress\\integration\\homepage.spec.js",
      "file": "cypress\\integration\\homepage.spec.js",
      "beforeHooks": [],
      "afterHooks": [],
      "tests": [],
      "suites": [
        {
          "uuid": "6355c483-be63-4f7a-8bd9-4b21c3b1f2f7",
          "title": "Homepage",
          "fullFile": "",
          "file": "",
          "beforeHooks": [],
          "afterHooks": [],
          "tests": [
            {
              "title": "should load successfully",
              "fullTitle": "Homepage should load successfully",
              "timedOut": null,
              "duration": 4534,
              "state": "passed",
              "speed": "slow",
              "pass": true,
              "fail": false,
              "pending": false,
              "context": null,
              "code": "cy.visit('/');",
              "err": {},
              "uuid": "96cf38b8-de8b-4486-9985-1b5e1850d79e",
              "parentUUID": "6355c483-be63-4f7a-8bd9-4b21c3b1f2f7",
              "isHook": false,
              "skipped": false
            },
            {
              "title": "should contain right spelled texts",
              "fullTitle": "Homepage should contain right spelled texts",
              "timedOut": null,
              "duration": 673,
              "state": "passed",
              "speed": "slow",
              "pass": true,
              "fail": false,
              "pending": false,
              "context": null,
              "code": "cy.contains('Users');\ncy.contains('Admin');\ncy.contains('Login');\ncy.get('mat-select').click();\ncy.contains('Register');",
              "err": {},
              "uuid": "fc7c9372-c203-402e-bb44-9ff8c8a69fec",
              "parentUUID": "6355c483-be63-4f7a-8bd9-4b21c3b1f2f7",
              "isHook": false,
              "skipped": false
            }
          ],
          "suites": [],
          "passes": [
            "96cf38b8-de8b-4486-9985-1b5e1850d79e",
            "fc7c9372-c203-402e-bb44-9ff8c8a69fec"
          ],
          "failures": [],
          "pending": [],
          "skipped": [],
          "duration": 5207,
          "root": false,
          "rootEmpty": false,
          "_timeout": 2000
        }
      ],
      "passes": [],
      "failures": [],
      "pending": [],
      "skipped": [],
      "duration": 0,
      "root": true,
      "rootEmpty": true,
      "_timeout": 2000
    }
  ],
  "meta": {
    "mocha": {
      "version": "7.0.1"
    },
    "mochawesome": {
      "options": {
        "quiet": false,
        "reportFilename": "mochawesome",
        "saveHtml": false,
        "saveJson": true,
        "consoleReporter": "spec",
        "useInlineDiffs": false,
        "code": true
      },
      "version": "6.1.1"
    },
    "marge": {
      "options": {
        "overwrite": false,
        "html": false,
        "json": true
      },
      "version": "5.1.0"
    }
  }
}