{
  "stats": {
    "suites": 1,
    "tests": 2,
    "passes": 2,
    "pending": 0,
    "failures": 0,
    "start": "2020-06-22T19:00:55.500Z",
    "end": "2020-06-22T19:01:01.617Z",
    "duration": 6117,
    "testsRegistered": 2,
    "passPercent": 100,
    "pendingPercent": 0,
    "other": 0,
    "hasOther": false,
    "skipped": 0,
    "hasSkipped": false
  },
  "results": [
    {
      "uuid": "6da147e9-f0e9-4e24-998d-61d6de19631c",
      "title": "",
      "fullFile": "cypress\\integration\\homepage.spec.js",
      "file": "cypress\\integration\\homepage.spec.js",
      "beforeHooks": [],
      "afterHooks": [],
      "tests": [],
      "suites": [
        {
          "uuid": "cd27e0fa-71e5-4b92-aca2-145b4ded32a1",
          "title": "Homepage",
          "fullFile": "",
          "file": "",
          "beforeHooks": [],
          "afterHooks": [],
          "tests": [
            {
              "title": "should load successfully",
              "fullTitle": "Homepage should load successfully",
              "timedOut": null,
              "duration": 5312,
              "state": "passed",
              "speed": "slow",
              "pass": true,
              "fail": false,
              "pending": false,
              "context": null,
              "code": "cy.visit('/');",
              "err": {},
              "uuid": "e0cc98aa-8118-4ec2-b170-f763ac24f446",
              "parentUUID": "cd27e0fa-71e5-4b92-aca2-145b4ded32a1",
              "isHook": false,
              "skipped": false
            },
            {
              "title": "should contain right spelled texts",
              "fullTitle": "Homepage should contain right spelled texts",
              "timedOut": null,
              "duration": 698,
              "state": "passed",
              "speed": "slow",
              "pass": true,
              "fail": false,
              "pending": false,
              "context": null,
              "code": "cy.contains('Users');\ncy.contains('Admin');\ncy.contains('Login');\ncy.get('mat-select').click();\ncy.contains('Register');",
              "err": {},
              "uuid": "3809c6e6-07c6-4e1c-8866-a458a3278339",
              "parentUUID": "cd27e0fa-71e5-4b92-aca2-145b4ded32a1",
              "isHook": false,
              "skipped": false
            }
          ],
          "suites": [],
          "passes": [
            "e0cc98aa-8118-4ec2-b170-f763ac24f446",
            "3809c6e6-07c6-4e1c-8866-a458a3278339"
          ],
          "failures": [],
          "pending": [],
          "skipped": [],
          "duration": 6010,
          "root": false,
          "rootEmpty": false,
          "_timeout": 2000
        }
      ],
      "passes": [],
      "failures": [],
      "pending": [],
      "skipped": [],
      "duration": 0,
      "root": true,
      "rootEmpty": true,
      "_timeout": 2000
    }
  ],
  "meta": {
    "mocha": {
      "version": "7.0.1"
    },
    "mochawesome": {
      "options": {
        "quiet": false,
        "reportFilename": "mochawesome",
        "saveHtml": false,
        "saveJson": true,
        "consoleReporter": "spec",
        "useInlineDiffs": false,
        "code": true
      },
      "version": "6.1.1"
    },
    "marge": {
      "options": {
        "overwrite": false,
        "html": false,
        "json": true
      },
      "version": "5.1.0"
    }
  }
}